[debug] [2019-02-11T15:23:21.368Z] ----------------------------------------------------------------------
[debug] [2019-02-11T15:23:21.372Z] Command:       /usr/local/bin/node /usr/local/bin/firebase serve --debug --only hosting,functions
[debug] [2019-02-11T15:23:21.372Z] CLI Version:   6.2.2
[debug] [2019-02-11T15:23:21.372Z] Platform:      darwin
[debug] [2019-02-11T15:23:21.372Z] Node Version:  v10.9.0
[debug] [2019-02-11T15:23:21.373Z] Time:          Mon Feb 11 2019 22:23:21 GMT+0700 (Indochina Time)
[debug] [2019-02-11T15:23:21.373Z] ----------------------------------------------------------------------
[debug] 
[debug] [2019-02-11T15:23:21.391Z] > command requires scopes: ["email","openid","https://www.googleapis.com/auth/cloudplatformprojects.readonly","https://www.googleapis.com/auth/firebase","https://www.googleapis.com/auth/cloud-platform"]
[debug] [2019-02-11T15:23:21.392Z] > authorizing via signed-in user
[debug] [2019-02-11T15:23:21.392Z] [iam] checking project tot-hackathon-2019-hosting for permissions ["firebase.projects.get"]
[debug] [2019-02-11T15:23:21.394Z] > refreshing access token with scopes: ["email","https://www.googleapis.com/auth/cloud-platform","https://www.googleapis.com/auth/cloudplatformprojects.readonly","https://www.googleapis.com/auth/firebase","openid"]
[debug] [2019-02-11T15:23:21.395Z] >>> HTTP REQUEST POST https://www.googleapis.com/oauth2/v3/token  
 <request body omitted>
[debug] [2019-02-11T15:23:21.720Z] <<< HTTP RESPONSE 200
[debug] [2019-02-11T15:23:21.735Z] >>> HTTP REQUEST POST https://cloudresourcemanager.googleapis.com/v1/projects/tot-hackathon-2019-hosting:testIamPermissions  

[debug] [2019-02-11T15:23:23.247Z] <<< HTTP RESPONSE 200
[debug] [2019-02-11T15:23:23.249Z] >>> HTTP REQUEST GET https://cloudresourcemanager.googleapis.com/v1/projects/tot-hackathon-2019-hosting  
 
[debug] [2019-02-11T15:23:24.674Z] <<< HTTP RESPONSE 200
[info] 
[info] === Serving from '/Users/johnpaul/Desktop/Hackathorn/Prepare-For-TOT-Hackathon'...
[info] 
[debug] [2019-02-11T15:23:24.677Z] >>> HTTP REQUEST GET https://mobilesdk-pa.googleapis.com/v1/projects/793549468827/clients/_:getWebAppConfig  
 
[debug] [2019-02-11T15:23:25.611Z] <<< HTTP RESPONSE 200
[info] i  hosting: Serving hosting files from: ./dist
[info] ✔  hosting: Local server: http://localhost:5000
[info] Shutting down...
[debug] [2019-02-11T15:26:02.203Z] ----------------------------------------------------------------------
[debug] [2019-02-11T15:26:02.207Z] Command:       /usr/local/bin/node /usr/local/bin/firebase serve --debug --only hosting,functions
[debug] [2019-02-11T15:26:02.207Z] CLI Version:   6.2.2
[debug] [2019-02-11T15:26:02.208Z] Platform:      darwin
[debug] [2019-02-11T15:26:02.208Z] Node Version:  v10.9.0
[debug] [2019-02-11T15:26:02.209Z] Time:          Mon Feb 11 2019 22:26:02 GMT+0700 (Indochina Time)
[debug] [2019-02-11T15:26:02.209Z] ----------------------------------------------------------------------
[debug] 
[debug] [2019-02-11T15:26:02.222Z] > command requires scopes: ["email","openid","https://www.googleapis.com/auth/cloudplatformprojects.readonly","https://www.googleapis.com/auth/firebase","https://www.googleapis.com/auth/cloud-platform"]
[debug] [2019-02-11T15:26:02.223Z] > authorizing via signed-in user
[debug] [2019-02-11T15:26:02.223Z] [iam] checking project tot-hackathon-2019-hosting for permissions ["firebase.projects.get"]
[debug] [2019-02-11T15:26:02.225Z] >>> HTTP REQUEST POST https://cloudresourcemanager.googleapis.com/v1/projects/tot-hackathon-2019-hosting:testIamPermissions  

[debug] [2019-02-11T15:26:03.723Z] <<< HTTP RESPONSE 200
[debug] [2019-02-11T15:26:03.725Z] >>> HTTP REQUEST GET https://cloudresourcemanager.googleapis.com/v1/projects/tot-hackathon-2019-hosting  
 
[debug] [2019-02-11T15:26:05.254Z] <<< HTTP RESPONSE 200
[info] 
[info] === Serving from '/Users/johnpaul/Desktop/Hackathorn/Prepare-For-TOT-Hackathon'...
[info] 
[debug] [2019-02-11T15:26:05.258Z] >>> HTTP REQUEST GET https://mobilesdk-pa.googleapis.com/v1/projects/793549468827/clients/_:getWebAppConfig  
 
[debug] [2019-02-11T15:26:06.176Z] <<< HTTP RESPONSE 200
[info] i  hosting: Serving hosting files from: ./dist
[info] ✔  hosting: Local server: http://localhost:5000
[debug] [2019-02-11T15:28:49.294Z] ----------------------------------------------------------------------
[debug] [2019-02-11T15:28:49.297Z] Command:       /usr/local/bin/node /usr/local/bin/firebase serve --debug --only hosting,functions
[debug] [2019-02-11T15:28:49.298Z] CLI Version:   6.2.2
[debug] [2019-02-11T15:28:49.298Z] Platform:      darwin
[debug] [2019-02-11T15:28:49.298Z] Node Version:  v10.9.0
[debug] [2019-02-11T15:28:49.299Z] Time:          Mon Feb 11 2019 22:28:49 GMT+0700 (Indochina Time)
[debug] [2019-02-11T15:28:49.299Z] ----------------------------------------------------------------------
[debug] 
[debug] [2019-02-11T15:28:49.311Z] > command requires scopes: ["email","openid","https://www.googleapis.com/auth/cloudplatformprojects.readonly","https://www.googleapis.com/auth/firebase","https://www.googleapis.com/auth/cloud-platform"]
[debug] [2019-02-11T15:28:49.311Z] > authorizing via signed-in user
[debug] [2019-02-11T15:28:49.311Z] [iam] checking project tot-hackathon-2019-hosting for permissions ["firebase.projects.get"]
[debug] [2019-02-11T15:28:49.313Z] >>> HTTP REQUEST POST https://cloudresourcemanager.googleapis.com/v1/projects/tot-hackathon-2019-hosting:testIamPermissions  

[debug] [2019-02-11T15:28:51.149Z] <<< HTTP RESPONSE 200
[debug] [2019-02-11T15:28:51.151Z] >>> HTTP REQUEST GET https://cloudresourcemanager.googleapis.com/v1/projects/tot-hackathon-2019-hosting  
 
[debug] [2019-02-11T15:28:52.680Z] <<< HTTP RESPONSE 200
[info] 
[info] === Serving from '/Users/johnpaul/Desktop/Hackathorn/Prepare-For-TOT-Hackathon'...
[info] 
[debug] [2019-02-11T15:28:52.683Z] >>> HTTP REQUEST GET https://mobilesdk-pa.googleapis.com/v1/projects/793549468827/clients/_:getWebAppConfig  
 
[debug] [2019-02-11T15:28:53.295Z] <<< HTTP RESPONSE 200
[info] i  hosting: Serving hosting files from: ./dist
[info] ✔  hosting: Local server: http://localhost:5000
[info] Shutting down...
[debug] [2019-02-11T15:34:21.550Z] ----------------------------------------------------------------------
[debug] [2019-02-11T15:34:21.554Z] Command:       /usr/local/bin/node /usr/local/bin/firebase serve --debug --only hosting,functions
[debug] [2019-02-11T15:34:21.555Z] CLI Version:   6.2.2
[debug] [2019-02-11T15:34:21.555Z] Platform:      darwin
[debug] [2019-02-11T15:34:21.555Z] Node Version:  v10.9.0
[debug] [2019-02-11T15:34:21.556Z] Time:          Mon Feb 11 2019 22:34:21 GMT+0700 (Indochina Time)
[debug] [2019-02-11T15:34:21.556Z] ----------------------------------------------------------------------
[debug] 
[debug] [2019-02-11T15:34:21.569Z] > command requires scopes: ["email","openid","https://www.googleapis.com/auth/cloudplatformprojects.readonly","https://www.googleapis.com/auth/firebase","https://www.googleapis.com/auth/cloud-platform"]
[debug] [2019-02-11T15:34:21.570Z] > authorizing via signed-in user
[debug] [2019-02-11T15:34:21.570Z] [iam] checking project tot-hackathon-2019-hosting for permissions ["firebase.projects.get"]
[debug] [2019-02-11T15:34:21.573Z] >>> HTTP REQUEST POST https://cloudresourcemanager.googleapis.com/v1/projects/tot-hackathon-2019-hosting:testIamPermissions  

[debug] [2019-02-11T15:34:23.175Z] <<< HTTP RESPONSE 200
[debug] [2019-02-11T15:34:23.177Z] >>> HTTP REQUEST GET https://cloudresourcemanager.googleapis.com/v1/projects/tot-hackathon-2019-hosting  
 
[debug] [2019-02-11T15:34:24.539Z] <<< HTTP RESPONSE 200
[info] 
[info] === Serving from '/Users/johnpaul/Desktop/Hackathorn/Prepare-For-TOT-Hackathon'...
[info] 
[debug] [2019-02-11T15:34:24.542Z] >>> HTTP REQUEST GET https://mobilesdk-pa.googleapis.com/v1/projects/793549468827/clients/_:getWebAppConfig  
 
[debug] [2019-02-11T15:34:25.567Z] <<< HTTP RESPONSE 200
[info] i  hosting: Serving hosting files from: ./dist
[info] ✔  hosting: Local server: http://localhost:5000
[info] Shutting down...
